<?xml version="1.0" encoding="UTF-8"?>
<!-- Generated by org.testng.reporters.JUnitReportReporter -->
<testsuite skipped="0" hostname="DESKTOP-MD85P52" name="testgit.com.TestngTest" tests="2" failures="0" timestamp="25 十月 2020 04:21:09 GMT" time="0.003" errors="0">
  <testcase name="searchBaidu2" time="0.002" classname="testgit.com.TestngTest"/>
  <testcase name="searchBaidu4" time="0.001" classname="testgit.com.TestngTest"/>
</testsuite> <!-- testgit.com.TestngTest -->
