<?xml version="1.0" encoding="UTF-8"?>
<!-- Generated by org.testng.reporters.JUnitReportReporter -->
<testsuite skipped="0" hostname="DESKTOP-MD85P52" name="testgit.TestngTest" tests="2" failures="0" timestamp="03 十一月 2020 08:03:03 GMT" time="0.002" errors="0">
  <testcase name="searchBaidu2" time="0.000" classname="testgit.TestngTest"/>
  <testcase name="searchBaidu4" time="0.002" classname="testgit.TestngTest"/>
</testsuite> <!-- testgit.TestngTest -->
