<?xml version="1.0" encoding="UTF-8"?>
<!-- Generated by org.testng.reporters.JUnitReportReporter -->
<testsuite skipped="0" hostname="DESKTOP-MD85P52" name="testgit.com.TestngTest" tests="3" failures="0" timestamp="03 十一月 2020 07:25:59 GMT" time="0.006" errors="0">
  <testcase name="searchBaidu2" time="0.006" classname="testgit.com.TestngTest"/>
  <testcase name="searchBaidu3" time="0.000" classname="testgit.com.TestngTest"/>
  <testcase name="searchBaidu4" time="0.000" classname="testgit.com.TestngTest"/>
</testsuite> <!-- testgit.com.TestngTest -->
