<?xml version="1.0" encoding="UTF-8"?>
<!-- Generated by org.testng.reporters.JUnitReportReporter -->
<testsuite skipped="0" hostname="DESKTOP-MD85P52" name="test.TestScopeCompile" tests="1" failures="0" timestamp="25 十月 2020 04:21:22 GMT" time="0.014" errors="0">
  <testcase name="aaa" time="0.014" classname="test.TestScopeCompile"/>
</testsuite> <!-- test.TestScopeCompile -->
